<?xml version="1.0" encoding="UTF-8"?>
<testsuite xmlns:xsi="http://www.w3.org/2001/XMLSchema-instance" xsi:noNamespaceSchemaLocation="https://maven.apache.org/surefire/maven-surefire-plugin/xsd/surefire-test-report-3.0.xsd" version="3.0" name="at.htlleonding.vehicle.GreetingResourceTest" time="19.315" tests="1" errors="0" skipped="0" failures="0">
  <properties>
    <property name="awt.toolkit" value="sun.awt.X11.XToolkit"/>
    <property name="java.specification.version" value="11"/>
    <property name="sun.cpu.isalist" value=""/>
    <property name="test.url" value="http://localhost:8081"/>
    <property name="sun.jnu.encoding" value="UTF-8"/>
    <property name="java.class.path" value="/projects/quarkus/target/test-classes:/projects/quarkus/target/classes:/home/user/.m2/repository/io/quarkus/quarkus-openshift/3.5.3/quarkus-openshift-3.5.3.jar:/home/user/.m2/repository/io/quarkus/quarkus-kubernetes-client-internal/3.5.3/quarkus-kubernetes-client-internal-3.5.3.jar:/home/user/.m2/repository/io/quarkus/quarkus-kubernetes/3.5.3/quarkus-kubernetes-3.5.3.jar:/home/user/.m2/repository/io/quarkus/quarkus-resteasy-reactive-jackson/3.5.3/quarkus-resteasy-reactive-jackson-3.5.3.jar:/home/user/.m2/repository/io/quarkus/quarkus-resteasy-reactive-jackson-common/3.5.3/quarkus-resteasy-reactive-jackson-common-3.5.3.jar:/home/user/.m2/repository/io/quarkus/resteasy/reactive/resteasy-reactive-jackson/3.5.3/resteasy-reactive-jackson-3.5.3.jar:/home/user/.m2/repository/io/quarkus/quarkus-jackson/3.5.3/quarkus-jackson-3.5.3.jar:/home/user/.m2/repository/com/fasterxml/jackson/datatype/jackson-datatype-jsr310/2.15.3/jackson-datatype-jsr310-2.15.3.jar:/home/user/.m2/repository/com/fasterxml/jackson/datatype/jackson-datatype-jdk8/2.15.3/jackson-datatype-jdk8-2.15.3.jar:/home/user/.m2/repository/com/fasterxml/jackson/module/jackson-module-parameter-names/2.15.3/jackson-module-parameter-names-2.15.3.jar:/home/user/.m2/repository/io/quarkus/quarkus-smallrye-openapi/3.5.3/quarkus-smallrye-openapi-3.5.3.jar:/home/user/.m2/repository/io/smallrye/smallrye-open-api-core/3.7.0/smallrye-open-api-core-3.7.0.jar:/home/user/.m2/repository/org/eclipse/microprofile/openapi/microprofile-openapi-api/3.1.1/microprofile-openapi-api-3.1.1.jar:/home/user/.m2/repository/org/eclipse/microprofile/config/microprofile-config-api/3.0.3/microprofile-config-api-3.0.3.jar:/home/user/.m2/repository/com/fasterxml/jackson/core/jackson-core/2.15.3/jackson-core-2.15.3.jar:/home/user/.m2/repository/com/fasterxml/jackson/core/jackson-databind/2.15.3/jackson-databind-2.15.3.jar:/home/user/.m2/repository/com/fasterxml/jackson/core/jackson-annotations/2.15.3/jackson-annotations-2.15.3.jar:/home/user/.m2/repository/com/fasterxml/jackson/dataformat/jackson-dataformat-yaml/2.15.3/jackson-dataformat-yaml-2.15.3.jar:/home/user/.m2/repository/org/yaml/snakeyaml/2.1/snakeyaml-2.1.jar:/home/user/.m2/repository/io/smallrye/jandex/3.1.5/jandex-3.1.5.jar:/home/user/.m2/repository/org/jboss/logging/jboss-logging/3.5.3.Final/jboss-logging-3.5.3.Final.jar:/home/user/.m2/repository/io/quarkus/quarkus-core/3.5.3/quarkus-core-3.5.3.jar:/home/user/.m2/repository/jakarta/annotation/jakarta.annotation-api/2.1.1/jakarta.annotation-api-2.1.1.jar:/home/user/.m2/repository/jakarta/enterprise/jakarta.enterprise.cdi-api/4.0.1/jakarta.enterprise.cdi-api-4.0.1.jar:/home/user/.m2/repository/jakarta/enterprise/jakarta.enterprise.lang-model/4.0.1/jakarta.enterprise.lang-model-4.0.1.jar:/home/user/.m2/repository/jakarta/el/jakarta.el-api/5.0.1/jakarta.el-api-5.0.1.jar:/home/user/.m2/repository/jakarta/interceptor/jakarta.interceptor-api/2.1.0/jakarta.interceptor-api-2.1.0.jar:/home/user/.m2/repository/jakarta/inject/jakarta.inject-api/2.0.1/jakarta.inject-api-2.0.1.jar:/home/user/.m2/repository/io/smallrye/common/smallrye-common-os/2.1.2/smallrye-common-os-2.1.2.jar:/home/user/.m2/repository/io/quarkus/quarkus-ide-launcher/3.5.3/quarkus-ide-launcher-3.5.3.jar:/home/user/.m2/repository/io/quarkus/quarkus-development-mode-spi/3.5.3/quarkus-development-mode-spi-3.5.3.jar:/home/user/.m2/repository/io/smallrye/config/smallrye-config/3.4.4/smallrye-config-3.4.4.jar:/home/user/.m2/repository/io/smallrye/config/smallrye-config-core/3.4.4/smallrye-config-core-3.4.4.jar:/home/user/.m2/repository/io/smallrye/common/smallrye-common-classloader/2.1.2/smallrye-common-classloader-2.1.2.jar:/home/user/.m2/repository/io/smallrye/config/smallrye-config-common/3.4.4/smallrye-config-common-3.4.4.jar:/home/user/.m2/repository/org/jboss/logmanager/jboss-logmanager/3.0.2.Final/jboss-logmanager-3.0.2.Final.jar:/home/user/.m2/repository/io/smallrye/common/smallrye-common-constraint/2.1.2/smallrye-common-constraint-2.1.2.jar:/home/user/.m2/repository/io/smallrye/common/smallrye-common-cpu/2.1.2/smallrye-common-cpu-2.1.2.jar:/home/user/.m2/repository/io/smallrye/common/smallrye-common-expression/2.1.2/smallrye-common-expression-2.1.2.jar:/home/user/.m2/repository/io/smallrye/common/smallrye-common-function/2.1.2/smallrye-common-function-2.1.2.jar:/home/user/.m2/repository/io/smallrye/common/smallrye-common-net/2.1.2/smallrye-common-net-2.1.2.jar:/home/user/.m2/repository/io/smallrye/common/smallrye-common-ref/2.1.2/smallrye-common-ref-2.1.2.jar:/home/user/.m2/repository/jakarta/json/jakarta.json-api/2.1.2/jakarta.json-api-2.1.2.jar:/home/user/.m2/repository/org/jboss/logging/jboss-logging-annotations/2.2.1.Final/jboss-logging-annotations-2.2.1.Final.jar:/home/user/.m2/repository/org/jboss/threads/jboss-threads/3.5.0.Final/jboss-threads-3.5.0.Final.jar:/home/user/.m2/repository/org/slf4j/slf4j-api/2.0.6/slf4j-api-2.0.6.jar:/home/user/.m2/repository/org/jboss/slf4j/slf4j-jboss-logmanager/2.0.0.Final/slf4j-jboss-logmanager-2.0.0.Final.jar:/home/user/.m2/repository/org/wildfly/common/wildfly-common/1.5.4.Final-format-001/wildfly-common-1.5.4.Final-format-001.jar:/home/user/.m2/repository/io/quarkus/quarkus-bootstrap-runner/3.5.3/quarkus-bootstrap-runner-3.5.3.jar:/home/user/.m2/repository/io/quarkus/quarkus-fs-util/0.0.9/quarkus-fs-util-0.0.9.jar:/home/user/.m2/repository/io/quarkus/quarkus-vertx-http/3.5.3/quarkus-vertx-http-3.5.3.jar:/home/user/.m2/repository/io/quarkus/quarkus-security-runtime-spi/3.5.3/quarkus-security-runtime-spi-3.5.3.jar:/home/user/.m2/repository/io/quarkus/quarkus-credentials/3.5.3/quarkus-credentials-3.5.3.jar:/home/user/.m2/repository/io/quarkus/quarkus-mutiny/3.5.3/quarkus-mutiny-3.5.3.jar:/home/user/.m2/repository/io/quarkus/quarkus-smallrye-context-propagation/3.5.3/quarkus-smallrye-context-propagation-3.5.3.jar:/home/user/.m2/repository/io/smallrye/smallrye-context-propagation/2.1.0/smallrye-context-propagation-2.1.0.jar:/home/user/.m2/repository/io/smallrye/smallrye-context-propagation-api/2.1.0/smallrye-context-propagation-api-2.1.0.jar:/home/user/.m2/repository/io/smallrye/smallrye-context-propagation-storage/2.1.0/smallrye-context-propagation-storage-2.1.0.jar:/home/user/.m2/repository/io/smallrye/reactive/mutiny-smallrye-context-propagation/2.5.1/mutiny-smallrye-context-propagation-2.5.1.jar:/home/user/.m2/repository/io/smallrye/common/smallrye-common-vertx-context/2.1.2/smallrye-common-vertx-context-2.1.2.jar:/home/user/.m2/repository/io/quarkus/security/quarkus-security/2.0.2.Final/quarkus-security-2.0.2.Final.jar:/home/user/.m2/repository/io/quarkus/quarkus-vertx/3.5.3/quarkus-vertx-3.5.3.jar:/home/user/.m2/repository/io/quarkus/quarkus-netty/3.5.3/quarkus-netty-3.5.3.jar:/home/user/.m2/repository/io/netty/netty-codec/4.1.100.Final/netty-codec-4.1.100.Final.jar:/home/user/.m2/repository/com/aayushatharva/brotli4j/brotli4j/1.12.0/brotli4j-1.12.0.jar:/home/user/.m2/repository/com/aayushatharva/brotli4j/service/1.12.0/service-1.12.0.jar:/home/user/.m2/repository/com/aayushatharva/brotli4j/native-linux-x86_64/1.12.0/native-linux-x86_64-1.12.0.jar:/home/user/.m2/repository/io/netty/netty-codec-haproxy/4.1.100.Final/netty-codec-haproxy-4.1.100.Final.jar:/home/user/.m2/repository/io/smallrye/common/smallrye-common-annotation/2.1.2/smallrye-common-annotation-2.1.2.jar:/home/user/.m2/repository/io/quarkus/quarkus-vertx-latebound-mdc-provider/3.5.3/quarkus-vertx-latebound-mdc-provider-3.5.3.jar:/home/user/.m2/repository/io/smallrye/smallrye-fault-tolerance-vertx/6.2.6/smallrye-fault-tolerance-vertx-6.2.6.jar:/home/user/.m2/repository/io/smallrye/reactive/smallrye-mutiny-vertx-web/3.7.2/smallrye-mutiny-vertx-web-3.7.2.jar:/home/user/.m2/repository/io/smallrye/reactive/smallrye-mutiny-vertx-web-common/3.7.2/smallrye-mutiny-vertx-web-common-3.7.2.jar:/home/user/.m2/repository/io/smallrye/reactive/smallrye-mutiny-vertx-auth-common/3.7.2/smallrye-mutiny-vertx-auth-common-3.7.2.jar:/home/user/.m2/repository/io/smallrye/reactive/smallrye-mutiny-vertx-bridge-common/3.7.2/smallrye-mutiny-vertx-bridge-common-3.7.2.jar:/home/user/.m2/repository/io/smallrye/reactive/smallrye-mutiny-vertx-uri-template/3.7.2/smallrye-mutiny-vertx-uri-template-3.7.2.jar:/home/user/.m2/repository/io/vertx/vertx-uri-template/4.4.6/vertx-uri-template-4.4.6.jar:/home/user/.m2/repository/io/vertx/vertx-web/4.4.6/vertx-web-4.4.6.jar:/home/user/.m2/repository/io/vertx/vertx-web-common/4.4.6/vertx-web-common-4.4.6.jar:/home/user/.m2/repository/io/vertx/vertx-auth-common/4.4.6/vertx-auth-common-4.4.6.jar:/home/user/.m2/repository/io/vertx/vertx-bridge-common/4.4.6/vertx-bridge-common-4.4.6.jar:/home/user/.m2/repository/io/github/crac/org-crac/0.1.3/org-crac-0.1.3.jar:/home/user/.m2/repository/io/quarkus/quarkus-swagger-ui/3.5.3/quarkus-swagger-ui-3.5.3.jar:/home/user/.m2/repository/io/quarkus/quarkus-resteasy-reactive/3.5.3/quarkus-resteasy-reactive-3.5.3.jar:/home/user/.m2/repository/io/quarkus/quarkus-resteasy-reactive-common/3.5.3/quarkus-resteasy-reactive-common-3.5.3.jar:/home/user/.m2/repository/io/quarkus/resteasy/reactive/resteasy-reactive-common/3.5.3/resteasy-reactive-common-3.5.3.jar:/home/user/.m2/repository/io/quarkus/resteasy/reactive/resteasy-reactive-common-types/3.5.3/resteasy-reactive-common-types-3.5.3.jar:/home/user/.m2/repository/org/reactivestreams/reactive-streams/1.0.4/reactive-streams-1.0.4.jar:/home/user/.m2/repository/io/smallrye/reactive/mutiny-zero-flow-adapters/1.0.0/mutiny-zero-flow-adapters-1.0.0.jar:/home/user/.m2/repository/io/quarkus/resteasy/reactive/resteasy-reactive-vertx/3.5.3/resteasy-reactive-vertx-3.5.3.jar:/home/user/.m2/repository/io/smallrye/reactive/smallrye-mutiny-vertx-core/3.7.2/smallrye-mutiny-vertx-core-3.7.2.jar:/home/user/.m2/repository/io/smallrye/reactive/smallrye-mutiny-vertx-runtime/3.7.2/smallrye-mutiny-vertx-runtime-3.7.2.jar:/home/user/.m2/repository/io/smallrye/reactive/vertx-mutiny-generator/3.7.2/vertx-mutiny-generator-3.7.2.jar:/home/user/.m2/repository/io/vertx/vertx-codegen/4.4.6/vertx-codegen-4.4.6.jar:/home/user/.m2/repository/io/quarkus/resteasy/reactive/resteasy-reactive/3.5.3/resteasy-reactive-3.5.3.jar:/home/user/.m2/repository/jakarta/ws/rs/jakarta.ws.rs-api/3.1.0/jakarta.ws.rs-api-3.1.0.jar:/home/user/.m2/repository/org/jboss/logging/commons-logging-jboss-logging/1.0.0.Final/commons-logging-jboss-logging-1.0.0.Final.jar:/home/user/.m2/repository/jakarta/xml/bind/jakarta.xml.bind-api/4.0.1/jakarta.xml.bind-api-4.0.1.jar:/home/user/.m2/repository/jakarta/activation/jakarta.activation-api/2.1.2/jakarta.activation-api-2.1.2.jar:/home/user/.m2/repository/io/quarkus/quarkus-jsonp/3.5.3/quarkus-jsonp-3.5.3.jar:/home/user/.m2/repository/org/eclipse/parsson/parsson/1.1.5/parsson-1.1.5.jar:/home/user/.m2/repository/io/quarkus/quarkus-virtual-threads/3.5.3/quarkus-virtual-threads-3.5.3.jar:/home/user/.m2/repository/io/vertx/vertx-core/4.4.6/vertx-core-4.4.6.jar:/home/user/.m2/repository/io/netty/netty-common/4.1.100.Final/netty-common-4.1.100.Final.jar:/home/user/.m2/repository/io/netty/netty-buffer/4.1.100.Final/netty-buffer-4.1.100.Final.jar:/home/user/.m2/repository/io/netty/netty-transport/4.1.100.Final/netty-transport-4.1.100.Final.jar:/home/user/.m2/repository/io/netty/netty-handler/4.1.100.Final/netty-handler-4.1.100.Final.jar:/home/user/.m2/repository/io/netty/netty-transport-native-unix-common/4.1.100.Final/netty-transport-native-unix-common-4.1.100.Final.jar:/home/user/.m2/repository/io/netty/netty-handler-proxy/4.1.100.Final/netty-handler-proxy-4.1.100.Final.jar:/home/user/.m2/repository/io/netty/netty-codec-socks/4.1.100.Final/netty-codec-socks-4.1.100.Final.jar:/home/user/.m2/repository/io/netty/netty-codec-http/4.1.100.Final/netty-codec-http-4.1.100.Final.jar:/home/user/.m2/repository/io/netty/netty-codec-http2/4.1.100.Final/netty-codec-http2-4.1.100.Final.jar:/home/user/.m2/repository/io/netty/netty-resolver/4.1.100.Final/netty-resolver-4.1.100.Final.jar:/home/user/.m2/repository/io/netty/netty-resolver-dns/4.1.100.Final/netty-resolver-dns-4.1.100.Final.jar:/home/user/.m2/repository/io/netty/netty-codec-dns/4.1.100.Final/netty-codec-dns-4.1.100.Final.jar:/home/user/.m2/repository/io/quarkus/quarkus-container-image-openshift/3.5.3/quarkus-container-image-openshift-3.5.3.jar:/home/user/.m2/repository/io/quarkus/quarkus-container-image/3.5.3/quarkus-container-image-3.5.3.jar:/home/user/.m2/repository/io/quarkus/quarkus-arc/3.5.3/quarkus-arc-3.5.3.jar:/home/user/.m2/repository/io/quarkus/arc/arc/3.5.3/arc-3.5.3.jar:/home/user/.m2/repository/jakarta/transaction/jakarta.transaction-api/2.0.1/jakarta.transaction-api-2.0.1.jar:/home/user/.m2/repository/io/smallrye/reactive/mutiny/2.5.1/mutiny-2.5.1.jar:/home/user/.m2/repository/org/eclipse/microprofile/context-propagation/microprofile-context-propagation-api/1.3/microprofile-context-propagation-api-1.3.jar:/home/user/.m2/repository/io/quarkus/quarkus-junit5/3.5.3/quarkus-junit5-3.5.3.jar:/home/user/.m2/repository/io/quarkus/quarkus-bootstrap-core/3.5.3/quarkus-bootstrap-core-3.5.3.jar:/home/user/.m2/repository/io/quarkus/quarkus-bootstrap-app-model/3.5.3/quarkus-bootstrap-app-model-3.5.3.jar:/home/user/.m2/repository/io/smallrye/common/smallrye-common-io/2.1.2/smallrye-common-io-2.1.2.jar:/home/user/.m2/repository/org/eclipse/sisu/org.eclipse.sisu.inject/0.3.5/org.eclipse.sisu.inject-0.3.5.jar:/home/user/.m2/repository/io/quarkus/quarkus-test-common/3.5.3/quarkus-test-common-3.5.3.jar:/home/user/.m2/repository/io/quarkus/quarkus-core-deployment/3.5.3/quarkus-core-deployment-3.5.3.jar:/home/user/.m2/repository/org/aesh/readline/2.4/readline-2.4.jar:/home/user/.m2/repository/org/fusesource/jansi/jansi/2.4.0/jansi-2.4.0.jar:/home/user/.m2/repository/org/aesh/aesh/2.7/aesh-2.7.jar:/home/user/.m2/repository/io/quarkus/gizmo/gizmo/1.7.0/gizmo-1.7.0.jar:/home/user/.m2/repository/org/ow2/asm/asm-util/9.5/asm-util-9.5.jar:/home/user/.m2/repository/org/ow2/asm/asm-analysis/9.5/asm-analysis-9.5.jar:/home/user/.m2/repository/org/ow2/asm/asm/9.5/asm-9.5.jar:/home/user/.m2/repository/org/ow2/asm/asm-commons/9.5/asm-commons-9.5.jar:/home/user/.m2/repository/org/ow2/asm/asm-tree/9.5/asm-tree-9.5.jar:/home/user/.m2/repository/io/quarkus/quarkus-class-change-agent/3.5.3/quarkus-class-change-agent-3.5.3.jar:/home/user/.m2/repository/io/quarkus/quarkus-devtools-utilities/3.5.3/quarkus-devtools-utilities-3.5.3.jar:/home/user/.m2/repository/io/quarkus/quarkus-builder/3.5.3/quarkus-builder-3.5.3.jar:/home/user/.m2/repository/org/graalvm/sdk/graal-sdk/23.0.1/graal-sdk-23.0.1.jar:/home/user/.m2/repository/org/junit/platform/junit-platform-launcher/1.10.0/junit-platform-launcher-1.10.0.jar:/home/user/.m2/repository/io/quarkus/quarkus-bootstrap-maven-resolver/3.5.3/quarkus-bootstrap-maven-resolver-3.5.3.jar:/home/user/.m2/repository/io/smallrye/beanbag/smallrye-beanbag-maven/1.3.2/smallrye-beanbag-maven-1.3.2.jar:/home/user/.m2/repository/io/smallrye/beanbag/smallrye-beanbag-sisu/1.3.2/smallrye-beanbag-sisu-1.3.2.jar:/home/user/.m2/repository/io/smallrye/beanbag/smallrye-beanbag/1.3.2/smallrye-beanbag-1.3.2.jar:/home/user/.m2/repository/javax/inject/javax.inject/1/javax.inject-1.jar:/home/user/.m2/repository/org/apache/maven/maven-artifact/3.9.5/maven-artifact-3.9.5.jar:/home/user/.m2/repository/org/apache/maven/maven-builder-support/3.9.5/maven-builder-support-3.9.5.jar:/home/user/.m2/repository/org/apache/maven/maven-model/3.9.5/maven-model-3.9.5.jar:/home/user/.m2/repository/org/apache/maven/maven-model-builder/3.9.5/maven-model-builder-3.9.5.jar:/home/user/.m2/repository/org/apache/maven/maven-repository-metadata/3.9.5/maven-repository-metadata-3.9.5.jar:/home/user/.m2/repository/org/apache/maven/maven-settings/3.9.5/maven-settings-3.9.5.jar:/home/user/.m2/repository/org/apache/maven/resolver/maven-resolver-api/1.9.13/maven-resolver-api-1.9.13.jar:/home/user/.m2/repository/org/apache/maven/resolver/maven-resolver-impl/1.9.13/maven-resolver-impl-1.9.13.jar:/home/user/.m2/repository/org/apache/maven/resolver/maven-resolver-named-locks/1.9.13/maven-resolver-named-locks-1.9.13.jar:/home/user/.m2/repository/org/apache/maven/resolver/maven-resolver-spi/1.9.13/maven-resolver-spi-1.9.13.jar:/home/user/.m2/repository/org/apache/maven/resolver/maven-resolver-util/1.9.13/maven-resolver-util-1.9.13.jar:/home/user/.m2/repository/org/apache/maven/resolver/maven-resolver-transport-http/1.9.10/maven-resolver-transport-http-1.9.10.jar:/home/user/.m2/repository/org/apache/maven/wagon/wagon-provider-api/3.5.3/wagon-provider-api-3.5.3.jar:/home/user/.m2/repository/org/apache/maven/wagon/wagon-http-shared/3.5.3/wagon-http-shared-3.5.3.jar:/home/user/.m2/repository/org/codehaus/plexus/plexus-interpolation/1.26/plexus-interpolation-1.26.jar:/home/user/.m2/repository/org/codehaus/plexus/plexus-utils/3.5.1/plexus-utils-3.5.1.jar:/home/user/.m2/repository/org/codehaus/plexus/plexus-xml/4.0.0/plexus-xml-4.0.0.jar:/home/user/.m2/repository/org/apache/maven/maven-xml-impl/4.0.0-alpha-5/maven-xml-impl-4.0.0-alpha-5.jar:/home/user/.m2/repository/org/apache/maven/maven-api-xml/4.0.0-alpha-5/maven-api-xml-4.0.0-alpha-5.jar:/home/user/.m2/repository/org/apache/maven/maven-api-meta/4.0.0-alpha-5/maven-api-meta-4.0.0-alpha-5.jar:/home/user/.m2/repository/org/codehaus/plexus/plexus-cipher/2.0/plexus-cipher-2.0.jar:/home/user/.m2/repository/org/codehaus/plexus/plexus-sec-dispatcher/2.0/plexus-sec-dispatcher-2.0.jar:/home/user/.m2/repository/org/apache/maven/maven-embedder/3.9.5/maven-embedder-3.9.5.jar:/home/user/.m2/repository/org/apache/maven/maven-core/3.9.5/maven-core-3.9.5.jar:/home/user/.m2/repository/org/codehaus/plexus/plexus-component-annotations/2.1.0/plexus-component-annotations-2.1.0.jar:/home/user/.m2/repository/org/apache/maven/maven-plugin-api/3.9.5/maven-plugin-api-3.9.5.jar:/home/user/.m2/repository/org/apache/maven/shared/maven-shared-utils/3.3.4/maven-shared-utils-3.3.4.jar:/home/user/.m2/repository/com/google/inject/guice/5.1.0/guice-5.1.0.jar:/home/user/.m2/repository/aopalliance/aopalliance/1.0/aopalliance-1.0.jar:/home/user/.m2/repository/com/google/guava/guava/32.1.2-jre/guava-32.1.2-jre.jar:/home/user/.m2/repository/com/google/guava/failureaccess/1.0.1/failureaccess-1.0.1.jar:/home/user/.m2/repository/javax/annotation/javax.annotation-api/1.3.2/javax.annotation-api-1.3.2.jar:/home/user/.m2/repository/org/codehaus/plexus/plexus-classworlds/2.6.0/plexus-classworlds-2.6.0.jar:/home/user/.m2/repository/commons-cli/commons-cli/1.5.0/commons-cli-1.5.0.jar:/home/user/.m2/repository/org/eclipse/sisu/org.eclipse.sisu.plexus/0.3.5/org.eclipse.sisu.plexus-0.3.5.jar:/home/user/.m2/repository/org/apache/maven/maven-settings-builder/3.9.5/maven-settings-builder-3.9.5.jar:/home/user/.m2/repository/org/apache/maven/maven-resolver-provider/3.9.5/maven-resolver-provider-3.9.5.jar:/home/user/.m2/repository/org/apache/maven/resolver/maven-resolver-connector-basic/1.9.13/maven-resolver-connector-basic-1.9.13.jar:/home/user/.m2/repository/org/apache/maven/resolver/maven-resolver-transport-wagon/1.9.13/maven-resolver-transport-wagon-1.9.13.jar:/home/user/.m2/repository/org/apache/maven/wagon/wagon-http/3.5.3/wagon-http-3.5.3.jar:/home/user/.m2/repository/org/apache/maven/wagon/wagon-file/3.5.3/wagon-file-3.5.3.jar:/home/user/.m2/repository/io/quarkus/quarkus-bootstrap-gradle-resolver/3.5.3/quarkus-bootstrap-gradle-resolver-3.5.3.jar:/home/user/.m2/repository/commons-io/commons-io/2.13.0/commons-io-2.13.0.jar:/home/user/.m2/repository/io/quarkus/quarkus-junit5-properties/3.5.3/quarkus-junit5-properties-3.5.3.jar:/home/user/.m2/repository/org/junit/jupiter/junit-jupiter/5.10.0/junit-jupiter-5.10.0.jar:/home/user/.m2/repository/org/junit/jupiter/junit-jupiter-api/5.10.0/junit-jupiter-api-5.10.0.jar:/home/user/.m2/repository/org/opentest4j/opentest4j/1.3.0/opentest4j-1.3.0.jar:/home/user/.m2/repository/org/junit/platform/junit-platform-commons/1.10.0/junit-platform-commons-1.10.0.jar:/home/user/.m2/repository/org/apiguardian/apiguardian-api/1.1.2/apiguardian-api-1.1.2.jar:/home/user/.m2/repository/org/junit/jupiter/junit-jupiter-params/5.10.0/junit-jupiter-params-5.10.0.jar:/home/user/.m2/repository/org/junit/jupiter/junit-jupiter-engine/5.10.0/junit-jupiter-engine-5.10.0.jar:/home/user/.m2/repository/org/junit/platform/junit-platform-engine/1.10.0/junit-platform-engine-1.10.0.jar:/home/user/.m2/repository/com/thoughtworks/xstream/xstream/1.4.20/xstream-1.4.20.jar:/home/user/.m2/repository/io/github/x-stream/mxparser/1.2.2/mxparser-1.2.2.jar:/home/user/.m2/repository/xmlpull/xmlpull/1.1.3.1/xmlpull-1.1.3.1.jar:/home/user/.m2/repository/io/rest-assured/rest-assured/5.3.0/rest-assured-5.3.0.jar:/home/user/.m2/repository/org/apache/groovy/groovy/4.0.6/groovy-4.0.6.jar:/home/user/.m2/repository/org/apache/groovy/groovy-xml/4.0.6/groovy-xml-4.0.6.jar:/home/user/.m2/repository/org/apache/httpcomponents/httpclient/4.5.14/httpclient-4.5.14.jar:/home/user/.m2/repository/org/apache/httpcomponents/httpcore/4.4.16/httpcore-4.4.16.jar:/home/user/.m2/repository/commons-codec/commons-codec/1.16.0/commons-codec-1.16.0.jar:/home/user/.m2/repository/org/apache/httpcomponents/httpmime/4.5.14/httpmime-4.5.14.jar:/home/user/.m2/repository/org/hamcrest/hamcrest/2.1/hamcrest-2.1.jar:/home/user/.m2/repository/org/ccil/cowan/tagsoup/tagsoup/1.2.1/tagsoup-1.2.1.jar:/home/user/.m2/repository/io/rest-assured/json-path/5.3.0/json-path-5.3.0.jar:/home/user/.m2/repository/org/apache/groovy/groovy-json/4.0.6/groovy-json-4.0.6.jar:/home/user/.m2/repository/io/rest-assured/rest-assured-common/5.3.0/rest-assured-common-5.3.0.jar:/home/user/.m2/repository/io/rest-assured/xml-path/5.3.0/xml-path-5.3.0.jar:/home/user/.m2/repository/org/apache/commons/commons-lang3/3.12.0/commons-lang3-3.12.0.jar:"/>
    <property name="java.vm.vendor" value="Red Hat, Inc."/>
    <property name="sun.arch.data.model" value="64"/>
    <property name="java.vendor.url" value="https://www.redhat.com/"/>
    <property name="user.timezone" value="GMT"/>
    <property name="logging.initial-configurator.min-level" value="500"/>
    <property name="os.name" value="Linux"/>
    <property name="java.vm.specification.version" value="11"/>
    <property name="sun.java.launcher" value="SUN_STANDARD"/>
    <property name="groovy.use.classvalue" value="false"/>
    <property name="mp.openapi.extensions.smallrye.defaultProduces" value="application/json"/>
    <property name="sun.boot.library.path" value="/usr/lib/jvm/java-11-openjdk-11.0.21.0.9-2.el8.x86_64/lib"/>
    <property name="sun.java.command" value="/projects/quarkus/target/surefire/surefirebooter-20231126154402606_3.jar /projects/quarkus/target/surefire 2023-11-26T15-44-02_192-jvmRun1 surefire-20231126154402606_1tmp surefire_0-20231126154402606_2tmp"/>
    <property name="jdk.debug" value="release"/>
    <property name="maven.home" value="/home/user/.m2/wrapper/dists/apache-maven-3.9.5-bin/32db9c34/apache-maven-3.9.5"/>
    <property name="surefire.test.class.path" value="/projects/quarkus/target/test-classes:/projects/quarkus/target/classes:/home/user/.m2/repository/io/quarkus/quarkus-openshift/3.5.3/quarkus-openshift-3.5.3.jar:/home/user/.m2/repository/io/quarkus/quarkus-kubernetes-client-internal/3.5.3/quarkus-kubernetes-client-internal-3.5.3.jar:/home/user/.m2/repository/io/quarkus/quarkus-kubernetes/3.5.3/quarkus-kubernetes-3.5.3.jar:/home/user/.m2/repository/io/quarkus/quarkus-resteasy-reactive-jackson/3.5.3/quarkus-resteasy-reactive-jackson-3.5.3.jar:/home/user/.m2/repository/io/quarkus/quarkus-resteasy-reactive-jackson-common/3.5.3/quarkus-resteasy-reactive-jackson-common-3.5.3.jar:/home/user/.m2/repository/io/quarkus/resteasy/reactive/resteasy-reactive-jackson/3.5.3/resteasy-reactive-jackson-3.5.3.jar:/home/user/.m2/repository/io/quarkus/quarkus-jackson/3.5.3/quarkus-jackson-3.5.3.jar:/home/user/.m2/repository/com/fasterxml/jackson/datatype/jackson-datatype-jsr310/2.15.3/jackson-datatype-jsr310-2.15.3.jar:/home/user/.m2/repository/com/fasterxml/jackson/datatype/jackson-datatype-jdk8/2.15.3/jackson-datatype-jdk8-2.15.3.jar:/home/user/.m2/repository/com/fasterxml/jackson/module/jackson-module-parameter-names/2.15.3/jackson-module-parameter-names-2.15.3.jar:/home/user/.m2/repository/io/quarkus/quarkus-smallrye-openapi/3.5.3/quarkus-smallrye-openapi-3.5.3.jar:/home/user/.m2/repository/io/smallrye/smallrye-open-api-core/3.7.0/smallrye-open-api-core-3.7.0.jar:/home/user/.m2/repository/org/eclipse/microprofile/openapi/microprofile-openapi-api/3.1.1/microprofile-openapi-api-3.1.1.jar:/home/user/.m2/repository/org/eclipse/microprofile/config/microprofile-config-api/3.0.3/microprofile-config-api-3.0.3.jar:/home/user/.m2/repository/com/fasterxml/jackson/core/jackson-core/2.15.3/jackson-core-2.15.3.jar:/home/user/.m2/repository/com/fasterxml/jackson/core/jackson-databind/2.15.3/jackson-databind-2.15.3.jar:/home/user/.m2/repository/com/fasterxml/jackson/core/jackson-annotations/2.15.3/jackson-annotations-2.15.3.jar:/home/user/.m2/repository/com/fasterxml/jackson/dataformat/jackson-dataformat-yaml/2.15.3/jackson-dataformat-yaml-2.15.3.jar:/home/user/.m2/repository/org/yaml/snakeyaml/2.1/snakeyaml-2.1.jar:/home/user/.m2/repository/io/smallrye/jandex/3.1.5/jandex-3.1.5.jar:/home/user/.m2/repository/org/jboss/logging/jboss-logging/3.5.3.Final/jboss-logging-3.5.3.Final.jar:/home/user/.m2/repository/io/quarkus/quarkus-core/3.5.3/quarkus-core-3.5.3.jar:/home/user/.m2/repository/jakarta/annotation/jakarta.annotation-api/2.1.1/jakarta.annotation-api-2.1.1.jar:/home/user/.m2/repository/jakarta/enterprise/jakarta.enterprise.cdi-api/4.0.1/jakarta.enterprise.cdi-api-4.0.1.jar:/home/user/.m2/repository/jakarta/enterprise/jakarta.enterprise.lang-model/4.0.1/jakarta.enterprise.lang-model-4.0.1.jar:/home/user/.m2/repository/jakarta/el/jakarta.el-api/5.0.1/jakarta.el-api-5.0.1.jar:/home/user/.m2/repository/jakarta/interceptor/jakarta.interceptor-api/2.1.0/jakarta.interceptor-api-2.1.0.jar:/home/user/.m2/repository/jakarta/inject/jakarta.inject-api/2.0.1/jakarta.inject-api-2.0.1.jar:/home/user/.m2/repository/io/smallrye/common/smallrye-common-os/2.1.2/smallrye-common-os-2.1.2.jar:/home/user/.m2/repository/io/quarkus/quarkus-ide-launcher/3.5.3/quarkus-ide-launcher-3.5.3.jar:/home/user/.m2/repository/io/quarkus/quarkus-development-mode-spi/3.5.3/quarkus-development-mode-spi-3.5.3.jar:/home/user/.m2/repository/io/smallrye/config/smallrye-config/3.4.4/smallrye-config-3.4.4.jar:/home/user/.m2/repository/io/smallrye/config/smallrye-config-core/3.4.4/smallrye-config-core-3.4.4.jar:/home/user/.m2/repository/io/smallrye/common/smallrye-common-classloader/2.1.2/smallrye-common-classloader-2.1.2.jar:/home/user/.m2/repository/io/smallrye/config/smallrye-config-common/3.4.4/smallrye-config-common-3.4.4.jar:/home/user/.m2/repository/org/jboss/logmanager/jboss-logmanager/3.0.2.Final/jboss-logmanager-3.0.2.Final.jar:/home/user/.m2/repository/io/smallrye/common/smallrye-common-constraint/2.1.2/smallrye-common-constraint-2.1.2.jar:/home/user/.m2/repository/io/smallrye/common/smallrye-common-cpu/2.1.2/smallrye-common-cpu-2.1.2.jar:/home/user/.m2/repository/io/smallrye/common/smallrye-common-expression/2.1.2/smallrye-common-expression-2.1.2.jar:/home/user/.m2/repository/io/smallrye/common/smallrye-common-function/2.1.2/smallrye-common-function-2.1.2.jar:/home/user/.m2/repository/io/smallrye/common/smallrye-common-net/2.1.2/smallrye-common-net-2.1.2.jar:/home/user/.m2/repository/io/smallrye/common/smallrye-common-ref/2.1.2/smallrye-common-ref-2.1.2.jar:/home/user/.m2/repository/jakarta/json/jakarta.json-api/2.1.2/jakarta.json-api-2.1.2.jar:/home/user/.m2/repository/org/jboss/logging/jboss-logging-annotations/2.2.1.Final/jboss-logging-annotations-2.2.1.Final.jar:/home/user/.m2/repository/org/jboss/threads/jboss-threads/3.5.0.Final/jboss-threads-3.5.0.Final.jar:/home/user/.m2/repository/org/slf4j/slf4j-api/2.0.6/slf4j-api-2.0.6.jar:/home/user/.m2/repository/org/jboss/slf4j/slf4j-jboss-logmanager/2.0.0.Final/slf4j-jboss-logmanager-2.0.0.Final.jar:/home/user/.m2/repository/org/wildfly/common/wildfly-common/1.5.4.Final-format-001/wildfly-common-1.5.4.Final-format-001.jar:/home/user/.m2/repository/io/quarkus/quarkus-bootstrap-runner/3.5.3/quarkus-bootstrap-runner-3.5.3.jar:/home/user/.m2/repository/io/quarkus/quarkus-fs-util/0.0.9/quarkus-fs-util-0.0.9.jar:/home/user/.m2/repository/io/quarkus/quarkus-vertx-http/3.5.3/quarkus-vertx-http-3.5.3.jar:/home/user/.m2/repository/io/quarkus/quarkus-security-runtime-spi/3.5.3/quarkus-security-runtime-spi-3.5.3.jar:/home/user/.m2/repository/io/quarkus/quarkus-credentials/3.5.3/quarkus-credentials-3.5.3.jar:/home/user/.m2/repository/io/quarkus/quarkus-mutiny/3.5.3/quarkus-mutiny-3.5.3.jar:/home/user/.m2/repository/io/quarkus/quarkus-smallrye-context-propagation/3.5.3/quarkus-smallrye-context-propagation-3.5.3.jar:/home/user/.m2/repository/io/smallrye/smallrye-context-propagation/2.1.0/smallrye-context-propagation-2.1.0.jar:/home/user/.m2/repository/io/smallrye/smallrye-context-propagation-api/2.1.0/smallrye-context-propagation-api-2.1.0.jar:/home/user/.m2/repository/io/smallrye/smallrye-context-propagation-storage/2.1.0/smallrye-context-propagation-storage-2.1.0.jar:/home/user/.m2/repository/io/smallrye/reactive/mutiny-smallrye-context-propagation/2.5.1/mutiny-smallrye-context-propagation-2.5.1.jar:/home/user/.m2/repository/io/smallrye/common/smallrye-common-vertx-context/2.1.2/smallrye-common-vertx-context-2.1.2.jar:/home/user/.m2/repository/io/quarkus/security/quarkus-security/2.0.2.Final/quarkus-security-2.0.2.Final.jar:/home/user/.m2/repository/io/quarkus/quarkus-vertx/3.5.3/quarkus-vertx-3.5.3.jar:/home/user/.m2/repository/io/quarkus/quarkus-netty/3.5.3/quarkus-netty-3.5.3.jar:/home/user/.m2/repository/io/netty/netty-codec/4.1.100.Final/netty-codec-4.1.100.Final.jar:/home/user/.m2/repository/com/aayushatharva/brotli4j/brotli4j/1.12.0/brotli4j-1.12.0.jar:/home/user/.m2/repository/com/aayushatharva/brotli4j/service/1.12.0/service-1.12.0.jar:/home/user/.m2/repository/com/aayushatharva/brotli4j/native-linux-x86_64/1.12.0/native-linux-x86_64-1.12.0.jar:/home/user/.m2/repository/io/netty/netty-codec-haproxy/4.1.100.Final/netty-codec-haproxy-4.1.100.Final.jar:/home/user/.m2/repository/io/smallrye/common/smallrye-common-annotation/2.1.2/smallrye-common-annotation-2.1.2.jar:/home/user/.m2/repository/io/quarkus/quarkus-vertx-latebound-mdc-provider/3.5.3/quarkus-vertx-latebound-mdc-provider-3.5.3.jar:/home/user/.m2/repository/io/smallrye/smallrye-fault-tolerance-vertx/6.2.6/smallrye-fault-tolerance-vertx-6.2.6.jar:/home/user/.m2/repository/io/smallrye/reactive/smallrye-mutiny-vertx-web/3.7.2/smallrye-mutiny-vertx-web-3.7.2.jar:/home/user/.m2/repository/io/smallrye/reactive/smallrye-mutiny-vertx-web-common/3.7.2/smallrye-mutiny-vertx-web-common-3.7.2.jar:/home/user/.m2/repository/io/smallrye/reactive/smallrye-mutiny-vertx-auth-common/3.7.2/smallrye-mutiny-vertx-auth-common-3.7.2.jar:/home/user/.m2/repository/io/smallrye/reactive/smallrye-mutiny-vertx-bridge-common/3.7.2/smallrye-mutiny-vertx-bridge-common-3.7.2.jar:/home/user/.m2/repository/io/smallrye/reactive/smallrye-mutiny-vertx-uri-template/3.7.2/smallrye-mutiny-vertx-uri-template-3.7.2.jar:/home/user/.m2/repository/io/vertx/vertx-uri-template/4.4.6/vertx-uri-template-4.4.6.jar:/home/user/.m2/repository/io/vertx/vertx-web/4.4.6/vertx-web-4.4.6.jar:/home/user/.m2/repository/io/vertx/vertx-web-common/4.4.6/vertx-web-common-4.4.6.jar:/home/user/.m2/repository/io/vertx/vertx-auth-common/4.4.6/vertx-auth-common-4.4.6.jar:/home/user/.m2/repository/io/vertx/vertx-bridge-common/4.4.6/vertx-bridge-common-4.4.6.jar:/home/user/.m2/repository/io/github/crac/org-crac/0.1.3/org-crac-0.1.3.jar:/home/user/.m2/repository/io/quarkus/quarkus-swagger-ui/3.5.3/quarkus-swagger-ui-3.5.3.jar:/home/user/.m2/repository/io/quarkus/quarkus-resteasy-reactive/3.5.3/quarkus-resteasy-reactive-3.5.3.jar:/home/user/.m2/repository/io/quarkus/quarkus-resteasy-reactive-common/3.5.3/quarkus-resteasy-reactive-common-3.5.3.jar:/home/user/.m2/repository/io/quarkus/resteasy/reactive/resteasy-reactive-common/3.5.3/resteasy-reactive-common-3.5.3.jar:/home/user/.m2/repository/io/quarkus/resteasy/reactive/resteasy-reactive-common-types/3.5.3/resteasy-reactive-common-types-3.5.3.jar:/home/user/.m2/repository/org/reactivestreams/reactive-streams/1.0.4/reactive-streams-1.0.4.jar:/home/user/.m2/repository/io/smallrye/reactive/mutiny-zero-flow-adapters/1.0.0/mutiny-zero-flow-adapters-1.0.0.jar:/home/user/.m2/repository/io/quarkus/resteasy/reactive/resteasy-reactive-vertx/3.5.3/resteasy-reactive-vertx-3.5.3.jar:/home/user/.m2/repository/io/smallrye/reactive/smallrye-mutiny-vertx-core/3.7.2/smallrye-mutiny-vertx-core-3.7.2.jar:/home/user/.m2/repository/io/smallrye/reactive/smallrye-mutiny-vertx-runtime/3.7.2/smallrye-mutiny-vertx-runtime-3.7.2.jar:/home/user/.m2/repository/io/smallrye/reactive/vertx-mutiny-generator/3.7.2/vertx-mutiny-generator-3.7.2.jar:/home/user/.m2/repository/io/vertx/vertx-codegen/4.4.6/vertx-codegen-4.4.6.jar:/home/user/.m2/repository/io/quarkus/resteasy/reactive/resteasy-reactive/3.5.3/resteasy-reactive-3.5.3.jar:/home/user/.m2/repository/jakarta/ws/rs/jakarta.ws.rs-api/3.1.0/jakarta.ws.rs-api-3.1.0.jar:/home/user/.m2/repository/org/jboss/logging/commons-logging-jboss-logging/1.0.0.Final/commons-logging-jboss-logging-1.0.0.Final.jar:/home/user/.m2/repository/jakarta/xml/bind/jakarta.xml.bind-api/4.0.1/jakarta.xml.bind-api-4.0.1.jar:/home/user/.m2/repository/jakarta/activation/jakarta.activation-api/2.1.2/jakarta.activation-api-2.1.2.jar:/home/user/.m2/repository/io/quarkus/quarkus-jsonp/3.5.3/quarkus-jsonp-3.5.3.jar:/home/user/.m2/repository/org/eclipse/parsson/parsson/1.1.5/parsson-1.1.5.jar:/home/user/.m2/repository/io/quarkus/quarkus-virtual-threads/3.5.3/quarkus-virtual-threads-3.5.3.jar:/home/user/.m2/repository/io/vertx/vertx-core/4.4.6/vertx-core-4.4.6.jar:/home/user/.m2/repository/io/netty/netty-common/4.1.100.Final/netty-common-4.1.100.Final.jar:/home/user/.m2/repository/io/netty/netty-buffer/4.1.100.Final/netty-buffer-4.1.100.Final.jar:/home/user/.m2/repository/io/netty/netty-transport/4.1.100.Final/netty-transport-4.1.100.Final.jar:/home/user/.m2/repository/io/netty/netty-handler/4.1.100.Final/netty-handler-4.1.100.Final.jar:/home/user/.m2/repository/io/netty/netty-transport-native-unix-common/4.1.100.Final/netty-transport-native-unix-common-4.1.100.Final.jar:/home/user/.m2/repository/io/netty/netty-handler-proxy/4.1.100.Final/netty-handler-proxy-4.1.100.Final.jar:/home/user/.m2/repository/io/netty/netty-codec-socks/4.1.100.Final/netty-codec-socks-4.1.100.Final.jar:/home/user/.m2/repository/io/netty/netty-codec-http/4.1.100.Final/netty-codec-http-4.1.100.Final.jar:/home/user/.m2/repository/io/netty/netty-codec-http2/4.1.100.Final/netty-codec-http2-4.1.100.Final.jar:/home/user/.m2/repository/io/netty/netty-resolver/4.1.100.Final/netty-resolver-4.1.100.Final.jar:/home/user/.m2/repository/io/netty/netty-resolver-dns/4.1.100.Final/netty-resolver-dns-4.1.100.Final.jar:/home/user/.m2/repository/io/netty/netty-codec-dns/4.1.100.Final/netty-codec-dns-4.1.100.Final.jar:/home/user/.m2/repository/io/quarkus/quarkus-container-image-openshift/3.5.3/quarkus-container-image-openshift-3.5.3.jar:/home/user/.m2/repository/io/quarkus/quarkus-container-image/3.5.3/quarkus-container-image-3.5.3.jar:/home/user/.m2/repository/io/quarkus/quarkus-arc/3.5.3/quarkus-arc-3.5.3.jar:/home/user/.m2/repository/io/quarkus/arc/arc/3.5.3/arc-3.5.3.jar:/home/user/.m2/repository/jakarta/transaction/jakarta.transaction-api/2.0.1/jakarta.transaction-api-2.0.1.jar:/home/user/.m2/repository/io/smallrye/reactive/mutiny/2.5.1/mutiny-2.5.1.jar:/home/user/.m2/repository/org/eclipse/microprofile/context-propagation/microprofile-context-propagation-api/1.3/microprofile-context-propagation-api-1.3.jar:/home/user/.m2/repository/io/quarkus/quarkus-junit5/3.5.3/quarkus-junit5-3.5.3.jar:/home/user/.m2/repository/io/quarkus/quarkus-bootstrap-core/3.5.3/quarkus-bootstrap-core-3.5.3.jar:/home/user/.m2/repository/io/quarkus/quarkus-bootstrap-app-model/3.5.3/quarkus-bootstrap-app-model-3.5.3.jar:/home/user/.m2/repository/io/smallrye/common/smallrye-common-io/2.1.2/smallrye-common-io-2.1.2.jar:/home/user/.m2/repository/org/eclipse/sisu/org.eclipse.sisu.inject/0.3.5/org.eclipse.sisu.inject-0.3.5.jar:/home/user/.m2/repository/io/quarkus/quarkus-test-common/3.5.3/quarkus-test-common-3.5.3.jar:/home/user/.m2/repository/io/quarkus/quarkus-core-deployment/3.5.3/quarkus-core-deployment-3.5.3.jar:/home/user/.m2/repository/org/aesh/readline/2.4/readline-2.4.jar:/home/user/.m2/repository/org/fusesource/jansi/jansi/2.4.0/jansi-2.4.0.jar:/home/user/.m2/repository/org/aesh/aesh/2.7/aesh-2.7.jar:/home/user/.m2/repository/io/quarkus/gizmo/gizmo/1.7.0/gizmo-1.7.0.jar:/home/user/.m2/repository/org/ow2/asm/asm-util/9.5/asm-util-9.5.jar:/home/user/.m2/repository/org/ow2/asm/asm-analysis/9.5/asm-analysis-9.5.jar:/home/user/.m2/repository/org/ow2/asm/asm/9.5/asm-9.5.jar:/home/user/.m2/repository/org/ow2/asm/asm-commons/9.5/asm-commons-9.5.jar:/home/user/.m2/repository/org/ow2/asm/asm-tree/9.5/asm-tree-9.5.jar:/home/user/.m2/repository/io/quarkus/quarkus-class-change-agent/3.5.3/quarkus-class-change-agent-3.5.3.jar:/home/user/.m2/repository/io/quarkus/quarkus-devtools-utilities/3.5.3/quarkus-devtools-utilities-3.5.3.jar:/home/user/.m2/repository/io/quarkus/quarkus-builder/3.5.3/quarkus-builder-3.5.3.jar:/home/user/.m2/repository/org/graalvm/sdk/graal-sdk/23.0.1/graal-sdk-23.0.1.jar:/home/user/.m2/repository/org/junit/platform/junit-platform-launcher/1.10.0/junit-platform-launcher-1.10.0.jar:/home/user/.m2/repository/io/quarkus/quarkus-bootstrap-maven-resolver/3.5.3/quarkus-bootstrap-maven-resolver-3.5.3.jar:/home/user/.m2/repository/io/smallrye/beanbag/smallrye-beanbag-maven/1.3.2/smallrye-beanbag-maven-1.3.2.jar:/home/user/.m2/repository/io/smallrye/beanbag/smallrye-beanbag-sisu/1.3.2/smallrye-beanbag-sisu-1.3.2.jar:/home/user/.m2/repository/io/smallrye/beanbag/smallrye-beanbag/1.3.2/smallrye-beanbag-1.3.2.jar:/home/user/.m2/repository/javax/inject/javax.inject/1/javax.inject-1.jar:/home/user/.m2/repository/org/apache/maven/maven-artifact/3.9.5/maven-artifact-3.9.5.jar:/home/user/.m2/repository/org/apache/maven/maven-builder-support/3.9.5/maven-builder-support-3.9.5.jar:/home/user/.m2/repository/org/apache/maven/maven-model/3.9.5/maven-model-3.9.5.jar:/home/user/.m2/repository/org/apache/maven/maven-model-builder/3.9.5/maven-model-builder-3.9.5.jar:/home/user/.m2/repository/org/apache/maven/maven-repository-metadata/3.9.5/maven-repository-metadata-3.9.5.jar:/home/user/.m2/repository/org/apache/maven/maven-settings/3.9.5/maven-settings-3.9.5.jar:/home/user/.m2/repository/org/apache/maven/resolver/maven-resolver-api/1.9.13/maven-resolver-api-1.9.13.jar:/home/user/.m2/repository/org/apache/maven/resolver/maven-resolver-impl/1.9.13/maven-resolver-impl-1.9.13.jar:/home/user/.m2/repository/org/apache/maven/resolver/maven-resolver-named-locks/1.9.13/maven-resolver-named-locks-1.9.13.jar:/home/user/.m2/repository/org/apache/maven/resolver/maven-resolver-spi/1.9.13/maven-resolver-spi-1.9.13.jar:/home/user/.m2/repository/org/apache/maven/resolver/maven-resolver-util/1.9.13/maven-resolver-util-1.9.13.jar:/home/user/.m2/repository/org/apache/maven/resolver/maven-resolver-transport-http/1.9.10/maven-resolver-transport-http-1.9.10.jar:/home/user/.m2/repository/org/apache/maven/wagon/wagon-provider-api/3.5.3/wagon-provider-api-3.5.3.jar:/home/user/.m2/repository/org/apache/maven/wagon/wagon-http-shared/3.5.3/wagon-http-shared-3.5.3.jar:/home/user/.m2/repository/org/codehaus/plexus/plexus-interpolation/1.26/plexus-interpolation-1.26.jar:/home/user/.m2/repository/org/codehaus/plexus/plexus-utils/3.5.1/plexus-utils-3.5.1.jar:/home/user/.m2/repository/org/codehaus/plexus/plexus-xml/4.0.0/plexus-xml-4.0.0.jar:/home/user/.m2/repository/org/apache/maven/maven-xml-impl/4.0.0-alpha-5/maven-xml-impl-4.0.0-alpha-5.jar:/home/user/.m2/repository/org/apache/maven/maven-api-xml/4.0.0-alpha-5/maven-api-xml-4.0.0-alpha-5.jar:/home/user/.m2/repository/org/apache/maven/maven-api-meta/4.0.0-alpha-5/maven-api-meta-4.0.0-alpha-5.jar:/home/user/.m2/repository/org/codehaus/plexus/plexus-cipher/2.0/plexus-cipher-2.0.jar:/home/user/.m2/repository/org/codehaus/plexus/plexus-sec-dispatcher/2.0/plexus-sec-dispatcher-2.0.jar:/home/user/.m2/repository/org/apache/maven/maven-embedder/3.9.5/maven-embedder-3.9.5.jar:/home/user/.m2/repository/org/apache/maven/maven-core/3.9.5/maven-core-3.9.5.jar:/home/user/.m2/repository/org/codehaus/plexus/plexus-component-annotations/2.1.0/plexus-component-annotations-2.1.0.jar:/home/user/.m2/repository/org/apache/maven/maven-plugin-api/3.9.5/maven-plugin-api-3.9.5.jar:/home/user/.m2/repository/org/apache/maven/shared/maven-shared-utils/3.3.4/maven-shared-utils-3.3.4.jar:/home/user/.m2/repository/com/google/inject/guice/5.1.0/guice-5.1.0.jar:/home/user/.m2/repository/aopalliance/aopalliance/1.0/aopalliance-1.0.jar:/home/user/.m2/repository/com/google/guava/guava/32.1.2-jre/guava-32.1.2-jre.jar:/home/user/.m2/repository/com/google/guava/failureaccess/1.0.1/failureaccess-1.0.1.jar:/home/user/.m2/repository/javax/annotation/javax.annotation-api/1.3.2/javax.annotation-api-1.3.2.jar:/home/user/.m2/repository/org/codehaus/plexus/plexus-classworlds/2.6.0/plexus-classworlds-2.6.0.jar:/home/user/.m2/repository/commons-cli/commons-cli/1.5.0/commons-cli-1.5.0.jar:/home/user/.m2/repository/org/eclipse/sisu/org.eclipse.sisu.plexus/0.3.5/org.eclipse.sisu.plexus-0.3.5.jar:/home/user/.m2/repository/org/apache/maven/maven-settings-builder/3.9.5/maven-settings-builder-3.9.5.jar:/home/user/.m2/repository/org/apache/maven/maven-resolver-provider/3.9.5/maven-resolver-provider-3.9.5.jar:/home/user/.m2/repository/org/apache/maven/resolver/maven-resolver-connector-basic/1.9.13/maven-resolver-connector-basic-1.9.13.jar:/home/user/.m2/repository/org/apache/maven/resolver/maven-resolver-transport-wagon/1.9.13/maven-resolver-transport-wagon-1.9.13.jar:/home/user/.m2/repository/org/apache/maven/wagon/wagon-http/3.5.3/wagon-http-3.5.3.jar:/home/user/.m2/repository/org/apache/maven/wagon/wagon-file/3.5.3/wagon-file-3.5.3.jar:/home/user/.m2/repository/io/quarkus/quarkus-bootstrap-gradle-resolver/3.5.3/quarkus-bootstrap-gradle-resolver-3.5.3.jar:/home/user/.m2/repository/commons-io/commons-io/2.13.0/commons-io-2.13.0.jar:/home/user/.m2/repository/io/quarkus/quarkus-junit5-properties/3.5.3/quarkus-junit5-properties-3.5.3.jar:/home/user/.m2/repository/org/junit/jupiter/junit-jupiter/5.10.0/junit-jupiter-5.10.0.jar:/home/user/.m2/repository/org/junit/jupiter/junit-jupiter-api/5.10.0/junit-jupiter-api-5.10.0.jar:/home/user/.m2/repository/org/opentest4j/opentest4j/1.3.0/opentest4j-1.3.0.jar:/home/user/.m2/repository/org/junit/platform/junit-platform-commons/1.10.0/junit-platform-commons-1.10.0.jar:/home/user/.m2/repository/org/apiguardian/apiguardian-api/1.1.2/apiguardian-api-1.1.2.jar:/home/user/.m2/repository/org/junit/jupiter/junit-jupiter-params/5.10.0/junit-jupiter-params-5.10.0.jar:/home/user/.m2/repository/org/junit/jupiter/junit-jupiter-engine/5.10.0/junit-jupiter-engine-5.10.0.jar:/home/user/.m2/repository/org/junit/platform/junit-platform-engine/1.10.0/junit-platform-engine-1.10.0.jar:/home/user/.m2/repository/com/thoughtworks/xstream/xstream/1.4.20/xstream-1.4.20.jar:/home/user/.m2/repository/io/github/x-stream/mxparser/1.2.2/mxparser-1.2.2.jar:/home/user/.m2/repository/xmlpull/xmlpull/1.1.3.1/xmlpull-1.1.3.1.jar:/home/user/.m2/repository/io/rest-assured/rest-assured/5.3.0/rest-assured-5.3.0.jar:/home/user/.m2/repository/org/apache/groovy/groovy/4.0.6/groovy-4.0.6.jar:/home/user/.m2/repository/org/apache/groovy/groovy-xml/4.0.6/groovy-xml-4.0.6.jar:/home/user/.m2/repository/org/apache/httpcomponents/httpclient/4.5.14/httpclient-4.5.14.jar:/home/user/.m2/repository/org/apache/httpcomponents/httpcore/4.4.16/httpcore-4.4.16.jar:/home/user/.m2/repository/commons-codec/commons-codec/1.16.0/commons-codec-1.16.0.jar:/home/user/.m2/repository/org/apache/httpcomponents/httpmime/4.5.14/httpmime-4.5.14.jar:/home/user/.m2/repository/org/hamcrest/hamcrest/2.1/hamcrest-2.1.jar:/home/user/.m2/repository/org/ccil/cowan/tagsoup/tagsoup/1.2.1/tagsoup-1.2.1.jar:/home/user/.m2/repository/io/rest-assured/json-path/5.3.0/json-path-5.3.0.jar:/home/user/.m2/repository/org/apache/groovy/groovy-json/4.0.6/groovy-json-4.0.6.jar:/home/user/.m2/repository/io/rest-assured/rest-assured-common/5.3.0/rest-assured-common-5.3.0.jar:/home/user/.m2/repository/io/rest-assured/xml-path/5.3.0/xml-path-5.3.0.jar:/home/user/.m2/repository/org/apache/commons/commons-lang3/3.12.0/commons-lang3-3.12.0.jar:"/>
    <property name="sun.cpu.endian" value="little"/>
    <property name="vertx.disableWebsockets" value="true"/>
    <property name="user.home" value="/home/user"/>
    <property name="user.language" value="en"/>
    <property name="jboss.log-version" value="false"/>
    <property name="mp.openapi.extensions.smallrye.defaultPrimitivesConsumes" value="text/plain"/>
    <property name="java.specification.vendor" value="Oracle Corporation"/>
    <property name="io.netty.allocator.maxOrder" value="3"/>
    <property name="java.version.date" value="2023-10-17"/>
    <property name="java.home" value="/usr/lib/jvm/java-11-openjdk-11.0.21.0.9-2.el8.x86_64"/>
    <property name="file.separator" value="/"/>
    <property name="basedir" value="/projects/quarkus"/>
    <property name="java.vm.compressedOopsMode" value="32-bit"/>
    <property name="line.separator" value="&#10;"/>
    <property name="java.specification.name" value="Java Platform API Specification"/>
    <property name="java.vm.specification.vendor" value="Oracle Corporation"/>
    <property name="java.awt.graphicsenv" value="sun.awt.X11GraphicsEnvironment"/>
    <property name="surefire.real.class.path" value="/projects/quarkus/target/surefire/surefirebooter-20231126154402606_3.jar"/>
    <property name="mp.openapi.extensions.smallrye.defaultStreamingConsumes" value="application/octet-stream"/>
    <property name="sun.management.compiler" value="HotSpot 64-Bit Tiered Compilers"/>
    <property name="mp.openapi.extensions.smallrye.defaultPrimitivesProduces" value="text/plain"/>
    <property name="java.runtime.version" value="11.0.21+9-LTS"/>
    <property name="user.name" value="user"/>
    <property name="path.separator" value=":"/>
    <property name="os.version" value="5.14.0-284.36.1.el9_2.x86_64"/>
    <property name="java.runtime.name" value="OpenJDK Runtime Environment"/>
    <property name="file.encoding" value="UTF-8"/>
    <property name="java.vm.name" value="OpenJDK 64-Bit Server VM"/>
    <property name="java.vendor.version" value="(Red_Hat-11.0.21.0.9-1)"/>
    <property name="localRepository" value="/home/user/.m2/repository"/>
    <property name="java.vendor.url.bug" value="https://access.redhat.com/support/cases/"/>
    <property name="java.io.tmpdir" value="/tmp"/>
    <property name="quarkus.log.file.path" value="target/quarkus.log"/>
    <property name="java.version" value="11.0.21"/>
    <property name="mp.openapi.extensions.smallrye.defaultStreamingProduces" value="application/octet-stream"/>
    <property name="java.util.concurrent.ForkJoinPool.common.threadFactory" value="io.quarkus.bootstrap.forkjoin.QuarkusForkJoinWorkerThreadFactory"/>
    <property name="user.dir" value="/projects/quarkus"/>
    <property name="os.arch" value="amd64"/>
    <property name="java.vm.specification.name" value="Java Virtual Machine Specification"/>
    <property name="vertx.disableDnsResolver" value="true"/>
    <property name="java.awt.printerjob" value="sun.print.PSPrinterJob"/>
    <property name="sun.os.patch.level" value="unknown"/>
    <property name="java.util.logging.manager" value="org.jboss.logmanager.LogManager"/>
    <property name="java.library.path" value="/usr/lib64:/usr/java/packages/lib:/usr/lib64:/lib64:/lib:/usr/lib"/>
    <property name="java.vm.info" value="mixed mode, sharing"/>
    <property name="java.vendor" value="Red Hat, Inc."/>
    <property name="vertx.disableTCCL" value="true"/>
    <property name="java.vm.version" value="11.0.21+9-LTS"/>
    <property name="java.specification.maintenance.version" value="2"/>
    <property name="sun.io.unicode.encoding" value="UnicodeLittle"/>
    <property name="io.netty.machineId" value="3e:5e:f0:f3:02:b4:29:1b"/>
    <property name="java.class.version" value="55.0"/>
    <property name="mp.openapi.extensions.smallrye.defaultConsumes" value="application/json"/>
  </properties>
  <testcase name="testHelloEndpoint" classname="at.htlleonding.vehicle.GreetingResourceTest" time="3.117">
    <system-out><![CDATA[2023-11-26 15:44:21,458 INFO  [io.quarkus] (main) vehicle-demo 1.0.0-SNAPSHOT on JVM (powered by Quarkus 3.5.3) started in 8.256s. Listening on: http://localhost:8081
2023-11-26 15:44:21,460 INFO  [io.quarkus] (main) Profile test activated. 
2023-11-26 15:44:21,460 INFO  [io.quarkus] (main) Installed features: [cdi, kubernetes, resteasy-reactive, resteasy-reactive-jackson, smallrye-context-propagation, smallrye-openapi, swagger-ui, vertx]
]]></system-out>
  </testcase>
</testsuite>